<?xml version="1.0" encoding="UTF-8"?>
<!-- Generated by org.testng.reporters.JUnitReportReporter -->
<testsuite hostname="LAPTOP-DK6TK74Q" failures="0" tests="1" name="com.crm.vtigerTests.CreateOrganisationTest" time="46.560" errors="0" timestamp="2021-06-23T15:23:18 IST" skipped="0">
  <testcase classname="com.crm.vtigerTests.CreateOrganisationTest" name="createOrganisationTest" time="46.560"/>
  <system-out/>
</testsuite> <!-- com.crm.vtigerTests.CreateOrganisationTest -->
